2022.09.19 17:37:38 INFO  tracing is disabled for protocol LSP, to enable tracing of incoming and outgoing JSON messages create an empty file at g:\New folder\2nd Year\SCS2204 Functional Programming\Prc\Tutorial_8\.metals\lsp.trace.json or C:\Users\DELL™\AppData\Local\scalameta\metals\cache\lsp.trace.json
2022.09.19 17:37:46 INFO  logging to file G:\New folder\2nd Year\SCS2204 Functional Programming\Prc\Tutorial_8\.metals\metals.log
2022.09.19 17:37:46 INFO  Started: Metals version 0.11.8+38-1832a3cf-SNAPSHOT in workspace 'G:\New folder\2nd Year\SCS2204 Functional Programming\Prc\Tutorial_8' for client Visual Studio Code 1.71.0.
2022.09.19 17:37:59 INFO  time: initialize in 13s
2022.09.19 17:38:01 WARN  Build server is not auto-connectable.
2022.09.19 17:38:01 WARN  no build tool detected in workspace 'G:\New folder\2nd Year\SCS2204 Functional Programming\Prc\Tutorial_8'. The most common cause for this problem is that the editor was opened in the wrong working directory, for example if you use sbt then the workspace directory should contain build.sbt. 
2022.09.19 17:38:02 WARN  no build target for: G:\New folder\2nd Year\SCS2204 Functional Programming\Prc\Tutorial_8\Q1.scala
2022.09.19 17:38:51 INFO  no build target found for G:\New folder\2nd Year\SCS2204 Functional Programming\Prc\Tutorial_8\Q1.scala. Using presentation compiler with project's scala-library version: 3.1.3
2022.09.19 17:39:00 INFO  time: code lens generation in 17s
2022.09.19 17:39:00 INFO  time: code lens generation in 40s
2022.09.19 17:39:00 INFO  time: code lens generation in 40s
2022.09.19 17:39:00 INFO  time: code lens generation in 17s
Sep 19, 2022 5:58:33 PM org.eclipse.lsp4j.jsonrpc.RemoteEndpoint handleCancellation
WARNING: Unmatched cancel notification for request id 76
2022.09.19 17:59:00 WARN  no build target for: G:\New folder\2nd Year\SCS2204 Functional Programming\Prc\Tutorial_8\Q1.scala
2022.09.19 19:23:11 WARN  no build target for: G:\New folder\2nd Year\SCS2204 Functional Programming\Prc\Tutorial_8\Q1.scala
Sep 19, 2022 7:29:01 PM org.eclipse.lsp4j.jsonrpc.RemoteEndpoint handleCancellation
WARNING: Unmatched cancel notification for request id 359
Sep 19, 2022 7:29:01 PM org.eclipse.lsp4j.jsonrpc.RemoteEndpoint handleCancellation
WARNING: Unmatched cancel notification for request id 360
Sep 19, 2022 7:29:01 PM org.eclipse.lsp4j.jsonrpc.RemoteEndpoint handleCancellation
WARNING: Unmatched cancel notification for request id 361
2022.09.19 19:31:19 WARN  no build target for: G:\New folder\2nd Year\SCS2204 Functional Programming\Prc\Tutorial_8\Q1.scala
Sep 19, 2022 7:31:58 PM org.eclipse.lsp4j.jsonrpc.RemoteEndpoint handleCancellation
WARNING: Unmatched cancel notification for request id 699
2022.09.19 19:33:10 WARN  no build target for: G:\New folder\2nd Year\SCS2204 Functional Programming\Prc\Tutorial_8\Q1.scala
Sep 19, 2022 7:36:41 PM org.eclipse.lsp4j.jsonrpc.RemoteEndpoint handleCancellation
WARNING: Unmatched cancel notification for request id 1223
2022.09.19 19:37:20 WARN  no build target for: G:\New folder\2nd Year\SCS2204 Functional Programming\Prc\Tutorial_8\Q1.scala
2022.09.19 19:37:26 WARN  no build target for: G:\New folder\2nd Year\SCS2204 Functional Programming\Prc\Tutorial_8\Q1.scala
2022.09.19 19:41:00 WARN  no build target for: G:\New folder\2nd Year\SCS2204 Functional Programming\Prc\Tutorial_8\Q1.scala
2022.09.19 19:42:30 WARN  no build target for: G:\New folder\2nd Year\SCS2204 Functional Programming\Prc\Tutorial_8\Q1.scala
2022.09.19 19:42:45 WARN  no build target for: G:\New folder\2nd Year\SCS2204 Functional Programming\Prc\Tutorial_8\Q1.scala
Sep 19, 2022 7:42:55 PM org.eclipse.lsp4j.jsonrpc.RemoteEndpoint handleCancellation
WARNING: Unmatched cancel notification for request id 1656
Sep 19, 2022 7:44:53 PM org.eclipse.lsp4j.jsonrpc.RemoteEndpoint handleCancellation
WARNING: Unmatched cancel notification for request id 1927
2022.09.19 19:45:45 WARN  no build target for: G:\New folder\2nd Year\SCS2204 Functional Programming\Prc\Tutorial_8\Q1.scala
2022.09.19 19:45:54 WARN  no build target for: G:\New folder\2nd Year\SCS2204 Functional Programming\Prc\Tutorial_8\Q1.scala
2022.09.19 19:45:54 WARN  no build target for: G:\New folder\2nd Year\SCS2204 Functional Programming\Prc\Tutorial_8\Q1.scala
2022.09.19 19:46:42 WARN  no build target for: G:\New folder\2nd Year\SCS2204 Functional Programming\Prc\Tutorial_8\Q1.scala
Sep 19, 2022 7:46:58 PM org.eclipse.lsp4j.jsonrpc.services.GenericEndpoint notify
INFO: Unsupported notification method: $/setTrace
2022.09.19 19:51:46 WARN  no build target for: G:\New folder\2nd Year\SCS2204 Functional Programming\Prc\Tutorial_8\Q1.scala
2022.09.19 19:51:48 WARN  no build target for: G:\New folder\2nd Year\SCS2204 Functional Programming\Prc\Tutorial_8\Q1.scala
2022.09.19 19:56:51 WARN  no build target for: G:\New folder\2nd Year\SCS2204 Functional Programming\Prc\Tutorial_8\Q1.scala
2022.09.19 19:57:31 WARN  no build target for: G:\New folder\2nd Year\SCS2204 Functional Programming\Prc\Tutorial_8\Q1.scala
2022.09.19 20:02:28 WARN  no build target for: G:\New folder\2nd Year\SCS2204 Functional Programming\Prc\Tutorial_8\Q1.scala
2022.09.19 20:02:44 WARN  no build target for: G:\New folder\2nd Year\SCS2204 Functional Programming\Prc\Tutorial_8\Q1.scala
2022.09.19 20:03:31 WARN  no build target for: G:\New folder\2nd Year\SCS2204 Functional Programming\Prc\Tutorial_8\Q1.scala
2022.09.19 20:03:56 WARN  no build target for: G:\New folder\2nd Year\SCS2204 Functional Programming\Prc\Tutorial_8\Q1.scala
2022.09.19 20:04:19 WARN  no build target for: G:\New folder\2nd Year\SCS2204 Functional Programming\Prc\Tutorial_8\Q1.scala
2022.09.19 20:04:44 WARN  no build target for: G:\New folder\2nd Year\SCS2204 Functional Programming\Prc\Tutorial_8\Q1.scala
2022.09.19 20:04:52 WARN  no build target for: G:\New folder\2nd Year\SCS2204 Functional Programming\Prc\Tutorial_8\Q1.scala
2022.09.19 20:06:18 WARN  no build target for: G:\New folder\2nd Year\SCS2204 Functional Programming\Prc\Tutorial_8\Q1.scala
2022.09.19 20:06:50 WARN  no build target for: G:\New folder\2nd Year\SCS2204 Functional Programming\Prc\Tutorial_8\Q1.scala
2022.09.19 20:07:38 WARN  no build target for: G:\New folder\2nd Year\SCS2204 Functional Programming\Prc\Tutorial_8\Q1.scala
2022.09.19 20:08:48 WARN  no build target for: G:\New folder\2nd Year\SCS2204 Functional Programming\Prc\Tutorial_8\Q1.scala
2022.09.19 20:09:43 WARN  no build target for: G:\New folder\2nd Year\SCS2204 Functional Programming\Prc\Tutorial_8\Q1.scala
2022.09.19 20:24:42 WARN  no build target for: G:\New folder\2nd Year\SCS2204 Functional Programming\Prc\Tutorial_8\Q1.scala
2022.09.19 20:25:48 WARN  no build target for: G:\New folder\2nd Year\SCS2204 Functional Programming\Prc\Tutorial_8\Q1.scala
2022.09.19 20:41:39 INFO  shutting down Metals
2022.09.20 08:01:36 INFO  tracing is disabled for protocol LSP, to enable tracing of incoming and outgoing JSON messages create an empty file at g:\New folder\2nd Year\SCS2204 Functional Programming\Prc\Tutorial_8\.metals\lsp.trace.json or C:\Users\DELL™\AppData\Local\scalameta\metals\cache\lsp.trace.json
2022.09.20 08:01:44 INFO  logging to file G:\New folder\2nd Year\SCS2204 Functional Programming\Prc\Tutorial_8\.metals\metals.log
2022.09.20 08:01:44 INFO  Started: Metals version 0.11.8+38-1832a3cf-SNAPSHOT in workspace 'G:\New folder\2nd Year\SCS2204 Functional Programming\Prc\Tutorial_8' for client Visual Studio Code 1.71.2.
2022.09.20 08:01:56 INFO  time: initialize in 12s
2022.09.20 08:01:59 WARN  Build server is not auto-connectable.
2022.09.20 08:01:59 WARN  no build tool detected in workspace 'G:\New folder\2nd Year\SCS2204 Functional Programming\Prc\Tutorial_8'. The most common cause for this problem is that the editor was opened in the wrong working directory, for example if you use sbt then the workspace directory should contain build.sbt. 
2022.09.20 08:02:00 WARN  no build target for: G:\New folder\2nd Year\SCS2204 Functional Programming\Prc\Tutorial_8\Q1.scala
2022.09.20 08:02:17 INFO  no build target found for G:\New folder\2nd Year\SCS2204 Functional Programming\Prc\Tutorial_8\Q1.scala. Using presentation compiler with project's scala-library version: 3.1.3
2022.09.20 08:02:42 INFO  time: code lens generation in 36s
2022.09.20 08:03:48 WARN  no build target for: G:\New folder\2nd Year\SCS2204 Functional Programming\Prc\Tutorial_8\Q1.scala
Sep 20, 2022 8:11:34 AM org.eclipse.lsp4j.jsonrpc.RemoteEndpoint handleCancellation
WARNING: Unmatched cancel notification for request id 154
2022.09.20 08:11:45 WARN  no build target for: G:\New folder\2nd Year\SCS2204 Functional Programming\Prc\Tutorial_8\Q1.scala
2022.09.20 08:17:32 WARN  no build target for: G:\New folder\2nd Year\SCS2204 Functional Programming\Prc\Tutorial_8\Q1.scala
2022.09.20 08:18:34 WARN  no build target for: G:\New folder\2nd Year\SCS2204 Functional Programming\Prc\Tutorial_8\Q1.scala
